INFO:  latexindent version 3.19, 2022-10-30, a script to indent .tex files
       latexindent lives here: /usr/local/texlive/2022/texmf-dist/scripts/latexindent/
       Sun Nov 20 23:21:07 2022
       Filename: /home/dave/LaTeX2022/pikz/06ERB/06erb01.tex
INFO:  Processing switches:
INFO:  Directory for backup files and indent.log:
       /home/dave/LaTeX2022/pikz/06ERB
INFO:  YAML settings read: defaultSettings.yaml
       Reading defaultSettings.yaml from /usr/local/texlive/2022/texmf-dist/scripts/latexindent/defaultSettings.yaml
INFO:  YAML settings read: indentconfig.yaml or .indentconfig.yaml
       Home directory is /home/dave (didn't find either indentconfig.yaml or .indentconfig.yaml)
       To specify user settings you would put indentconfig.yaml here: /home/dave/indentconfig.yaml
       Alternatively, you can use the hidden file .indentconfig.yaml as: /home/dave/.indentconfig.yaml
INFO:  Phase 1: searching for objects
INFO:  Phase 2: finding surrounding indentation
INFO:  Phase 3: indenting objects
INFO:  Phase 4: final indentation check
INFO:  Output routine:
       Not outputting to file; see -w and -o switches for more options.
       --------------
INFO:  Please direct all communication/issues to:
        https://github.com/cmhughes/latexindent.pl
